e:\rk\new\run\video_motion_tracker\video_motion_tracker\video_motion_tracker\debug\vc140.pdb
e:\rk\new\run\video_motion_tracker\video_motion_tracker\video_motion_tracker\debug\vc140.idb
e:\rk\new\run\video_motion_tracker\video_motion_tracker\video_motion_tracker\debug\get_video_frame.obj
e:\rk\new\run\video_motion_tracker\video_motion_tracker\video_motion_tracker\debug\video_motion_tracker.obj
e:\rk\new\run\video_motion_tracker\video_motion_tracker\video_motion_tracker\debug\imgfeatures.obj
e:\rk\new\run\video_motion_tracker\video_motion_tracker\video_motion_tracker\debug\kdtree.obj
e:\rk\new\run\video_motion_tracker\video_motion_tracker\video_motion_tracker\debug\minpq.obj
e:\rk\new\run\video_motion_tracker\video_motion_tracker\video_motion_tracker\debug\sift.obj
e:\rk\new\run\video_motion_tracker\video_motion_tracker\video_motion_tracker\debug\do_sift_ransac.obj
e:\rk\new\run\video_motion_tracker\video_motion_tracker\video_motion_tracker\debug\utils.obj
e:\rk\new\run\video_motion_tracker\video_motion_tracker\video_motion_tracker\debug\xform.obj
e:\rk\new\run\video_motion_tracker\video_motion_tracker\video_motion_tracker\debug\video_motion_tracker.ilk
e:\rk\new\run\video_motion_tracker\video_motion_tracker\video_motion_tracker\debug\video_motion_tracker.exe
e:\rk\new\run\video_motion_tracker\video_motion_tracker\video_motion_tracker\debug\video_motion_tracker.pdb
e:\rk\new\run\video_motion_tracker\video_motion_tracker\video_motion_tracker\debug\video_mo.0b377012.tlog\cl.command.1.tlog
e:\rk\new\run\video_motion_tracker\video_motion_tracker\video_motion_tracker\debug\video_mo.0b377012.tlog\cl.read.1.tlog
e:\rk\new\run\video_motion_tracker\video_motion_tracker\video_motion_tracker\debug\video_mo.0b377012.tlog\cl.write.1.tlog
e:\rk\new\run\video_motion_tracker\video_motion_tracker\video_motion_tracker\debug\video_mo.0b377012.tlog\link.command.1.tlog
e:\rk\new\run\video_motion_tracker\video_motion_tracker\video_motion_tracker\debug\video_mo.0b377012.tlog\link.read.1.tlog
e:\rk\new\run\video_motion_tracker\video_motion_tracker\video_motion_tracker\debug\video_mo.0b377012.tlog\link.write.1.tlog
