e:\rk\new\run\video_motion_tracker\video_motion_tracker\release\vc140.pdb
e:\rk\new\run\video_motion_tracker\video_motion_tracker\release\video_motion_tracker.obj
e:\rk\new\run\video_motion_tracker\video_motion_tracker\release\get_video_frame.obj
e:\rk\new\run\video_motion_tracker\video_motion_tracker\release\xform.obj
e:\rk\new\run\video_motion_tracker\video_motion_tracker\release\utils.obj
e:\rk\new\run\video_motion_tracker\video_motion_tracker\release\do_sift_ransac.obj
e:\rk\new\run\video_motion_tracker\video_motion_tracker\release\sift.obj
e:\rk\new\run\video_motion_tracker\video_motion_tracker\release\minpq.obj
e:\rk\new\run\video_motion_tracker\video_motion_tracker\release\kdtree.obj
e:\rk\new\run\video_motion_tracker\video_motion_tracker\release\imgfeatures.obj
e:\rk\new\run\video_motion_tracker\video_motion_tracker\release\video_motion_tracker.ipdb
e:\rk\new\run\video_motion_tracker\video_motion_tracker\release\video_motion_tracker.iobj
e:\rk\new\run\video_motion_tracker\video_motion_tracker\release\video_motion_tracker.pdb
e:\rk\new\run\video_motion_tracker\video_motion_tracker\release\video_motion_tracker.exe
e:\rk\new\run\video_motion_tracker\video_motion_tracker\release\video_mo.0b377012.tlog\cl.command.1.tlog
e:\rk\new\run\video_motion_tracker\video_motion_tracker\release\video_mo.0b377012.tlog\cl.read.1.tlog
e:\rk\new\run\video_motion_tracker\video_motion_tracker\release\video_mo.0b377012.tlog\cl.write.1.tlog
e:\rk\new\run\video_motion_tracker\video_motion_tracker\release\video_mo.0b377012.tlog\link.command.1.tlog
e:\rk\new\run\video_motion_tracker\video_motion_tracker\release\video_mo.0b377012.tlog\link.read.1.tlog
e:\rk\new\run\video_motion_tracker\video_motion_tracker\release\video_mo.0b377012.tlog\link.write.1.tlog
